This is pdfTeX, Version 3.14159265-2.6-1.40.21 (TeX Live 2020/Debian) (preloaded format=pdflatex 2022.5.8)  18 MAY 2022 21:27
entering extended mode
 restricted \write18 enabled.
 %&-line parsing enabled.
**README.tex
(.//README.tex
LaTeX2e <2020-10-01> patch level 4
L3 programming layer <2021-01-09> xparse <2020-03-03>
(/usr/share/texlive/texmf-dist/tex/latex/base/article.cls
Document Class: article 2020/04/10 v1.4m Standard LaTeX document class
(/usr/share/texlive/texmf-dist/tex/latex/base/size11.clo
File: size11.clo 2020/04/10 v1.4m Standard LaTeX file (size option)
)
\c@part=\count177
\c@section=\count178
\c@subsection=\count179
\c@subsubsection=\count180
\c@paragraph=\count181
\c@subparagraph=\count182
\c@figure=\count183
\c@table=\count184
\abovecaptionskip=\skip47
\belowcaptionskip=\skip48
\bibindent=\dimen138
)
(/usr/share/texlive/texmf-dist/tex/latex/base/inputenc.sty
Package: inputenc 2020/08/01 v1.3d Input encoding file
\inpenc@prehook=\toks15
\inpenc@posthook=\toks16
)
(/usr/share/texlive/texmf-dist/tex/latex/base/fontenc.sty
Package: fontenc 2020/08/10 v2.0s Standard LaTeX package
)
(/usr/share/texlive/texmf-dist/tex/latex/graphics/graphicx.sty
Package: graphicx 2020/09/09 v1.2b Enhanced LaTeX Graphics (DPC,SPQR)

(/usr/share/texlive/texmf-dist/tex/latex/graphics/keyval.sty
Package: keyval 2014/10/28 v1.15 key=value parser (DPC)
\KV@toks@=\toks17
)
(/usr/share/texlive/texmf-dist/tex/latex/graphics/graphics.sty
Package: graphics 2020/08/30 v1.4c Standard LaTeX Graphics (DPC,SPQR)

(/usr/share/texlive/texmf-dist/tex/latex/graphics/trig.sty
Package: trig 2016/01/03 v1.10 sin cos tan (DPC)
)
(/usr/share/texlive/texmf-dist/tex/latex/graphics-cfg/graphics.cfg
File: graphics.cfg 2016/06/04 v1.11 sample graphics configuration
)
Package graphics Info: Driver file: pdftex.def on input line 105.

(/usr/share/texlive/texmf-dist/tex/latex/graphics-def/pdftex.def
File: pdftex.def 2020/10/05 v1.2a Graphics/color driver for pdftex
))
\Gin@req@height=\dimen139
\Gin@req@width=\dimen140
)
(/usr/share/texlive/texmf-dist/tex/latex/grffile/grffile.sty
Package: grffile 2019/11/11 v2.1 Extended file name support for graphics (legac
y)
Package grffile Info: This package is an empty stub for compatibility on input 
line 40.
)
(/usr/share/texlive/texmf-dist/tex/latex/tools/longtable.sty
Package: longtable 2020/01/07 v4.13 Multi-page Table package (DPC)
\LTleft=\skip49
\LTright=\skip50
\LTpre=\skip51
\LTpost=\skip52
\LTchunksize=\count185
\LTcapwidth=\dimen141
\LT@head=\box47
\LT@firsthead=\box48
\LT@foot=\box49
\LT@lastfoot=\box50
\LT@cols=\count186
\LT@rows=\count187
\c@LT@tables=\count188
\c@LT@chunks=\count189
\LT@p@ftn=\toks18
)
(/usr/share/texlive/texmf-dist/tex/latex/wrapfig/wrapfig.sty
\wrapoverhang=\dimen142
\WF@size=\dimen143
\c@WF@wrappedlines=\count190
\WF@box=\box51
\WF@everypar=\toks19
Package: wrapfig 2003/01/31  v 3.6
)
(/usr/share/texlive/texmf-dist/tex/latex/graphics/rotating.sty
Package: rotating 2016/08/11 v2.16d rotated objects in LaTeX

(/usr/share/texlive/texmf-dist/tex/latex/base/ifthen.sty
Package: ifthen 2014/09/29 v1.1c Standard LaTeX ifthen package (DPC)
)
\c@r@tfl@t=\count191
\rotFPtop=\skip53
\rotFPbot=\skip54
\rot@float@box=\box52
\rot@mess@toks=\toks20
)
(/usr/share/texlive/texmf-dist/tex/generic/ulem/ulem.sty
\UL@box=\box53
\UL@hyphenbox=\box54
\UL@skip=\skip55
\UL@hook=\toks21
\UL@height=\dimen144
\UL@pe=\count192
\UL@pixel=\dimen145
\ULC@box=\box55
Package: ulem 2019/11/18
\ULdepth=\dimen146
)
(/usr/share/texlive/texmf-dist/tex/latex/amsmath/amsmath.sty
Package: amsmath 2020/09/23 v2.17i AMS math features
\@mathmargin=\skip56

For additional information on amsmath, use the `?' option.
(/usr/share/texlive/texmf-dist/tex/latex/amsmath/amstext.sty
Package: amstext 2000/06/29 v2.01 AMS text

(/usr/share/texlive/texmf-dist/tex/latex/amsmath/amsgen.sty
File: amsgen.sty 1999/11/30 v2.0 generic functions
\@emptytoks=\toks22
\ex@=\dimen147
))
(/usr/share/texlive/texmf-dist/tex/latex/amsmath/amsbsy.sty
Package: amsbsy 1999/11/29 v1.2d Bold Symbols
\pmbraise@=\dimen148
)
(/usr/share/texlive/texmf-dist/tex/latex/amsmath/amsopn.sty
Package: amsopn 2016/03/08 v2.02 operator names
)
\inf@bad=\count193
LaTeX Info: Redefining \frac on input line 234.
\uproot@=\count194
\leftroot@=\count195
LaTeX Info: Redefining \overline on input line 399.
\classnum@=\count196
\DOTSCASE@=\count197
LaTeX Info: Redefining \ldots on input line 496.
LaTeX Info: Redefining \dots on input line 499.
LaTeX Info: Redefining \cdots on input line 620.
\Mathstrutbox@=\box56
\strutbox@=\box57
\big@size=\dimen149
LaTeX Font Info:    Redeclaring font encoding OML on input line 743.
LaTeX Font Info:    Redeclaring font encoding OMS on input line 744.
\macc@depth=\count198
\c@MaxMatrixCols=\count199
\dotsspace@=\muskip16
\c@parentequation=\count266
\dspbrk@lvl=\count267
\tag@help=\toks23
\row@=\count268
\column@=\count269
\maxfields@=\count270
\andhelp@=\toks24
\eqnshift@=\dimen150
\alignsep@=\dimen151
\tagshift@=\dimen152
\tagwidth@=\dimen153
\totwidth@=\dimen154
\lineht@=\dimen155
\@envbody=\toks25
\multlinegap=\skip57
\multlinetaggap=\skip58
\mathdisplay@stack=\toks26
LaTeX Info: Redefining \[ on input line 2923.
LaTeX Info: Redefining \] on input line 2924.
)
(/usr/share/texlive/texmf-dist/tex/latex/base/textcomp.sty
Package: textcomp 2020/02/02 v2.0n Standard LaTeX package
)
(/usr/share/texlive/texmf-dist/tex/latex/amsfonts/amssymb.sty
Package: amssymb 2013/01/14 v3.01 AMS font symbols

(/usr/share/texlive/texmf-dist/tex/latex/amsfonts/amsfonts.sty
Package: amsfonts 2013/01/14 v3.01 Basic AMSFonts support
\symAMSa=\mathgroup4
\symAMSb=\mathgroup5
LaTeX Font Info:    Redeclaring math symbol \hbar on input line 98.
LaTeX Font Info:    Overwriting math alphabet `\mathfrak' in version `bold'
(Font)                  U/euf/m/n --> U/euf/b/n on input line 106.
))
(/usr/share/texlive/texmf-dist/tex/latex/capt-of/capt-of.sty
Package: capt-of 2009/12/29 v0.2 standard captions outside of floats
)
(/usr/share/texlive/texmf-dist/tex/latex/hyperref/hyperref.sty
Package: hyperref 2020-05-15 v7.00e Hypertext links for LaTeX

(/usr/share/texlive/texmf-dist/tex/generic/ltxcmds/ltxcmds.sty
Package: ltxcmds 2020-05-10 v1.25 LaTeX kernel commands for general use (HO)
)
(/usr/share/texlive/texmf-dist/tex/generic/iftex/iftex.sty
Package: iftex 2020/03/06 v1.0d TeX engine tests
)
(/usr/share/texlive/texmf-dist/tex/generic/pdftexcmds/pdftexcmds.sty
Package: pdftexcmds 2020-06-27 v0.33 Utility functions of pdfTeX for LuaTeX (HO
)

(/usr/share/texlive/texmf-dist/tex/generic/infwarerr/infwarerr.sty
Package: infwarerr 2019/12/03 v1.5 Providing info/warning/error messages (HO)
)
Package pdftexcmds Info: \pdf@primitive is available.
Package pdftexcmds Info: \pdf@ifprimitive is available.
Package pdftexcmds Info: \pdfdraftmode found.
)
(/usr/share/texlive/texmf-dist/tex/generic/kvsetkeys/kvsetkeys.sty
Package: kvsetkeys 2019/12/15 v1.18 Key value parser (HO)
)
(/usr/share/texlive/texmf-dist/tex/generic/kvdefinekeys/kvdefinekeys.sty
Package: kvdefinekeys 2019-12-19 v1.6 Define keys (HO)
)
(/usr/share/texlive/texmf-dist/tex/generic/pdfescape/pdfescape.sty
Package: pdfescape 2019/12/09 v1.15 Implements pdfTeX's escape features (HO)
)
(/usr/share/texlive/texmf-dist/tex/latex/hycolor/hycolor.sty
Package: hycolor 2020-01-27 v1.10 Color options for hyperref/bookmark (HO)
)
(/usr/share/texlive/texmf-dist/tex/latex/letltxmacro/letltxmacro.sty
Package: letltxmacro 2019/12/03 v1.6 Let assignment for LaTeX macros (HO)
)
(/usr/share/texlive/texmf-dist/tex/latex/auxhook/auxhook.sty
Package: auxhook 2019-12-17 v1.6 Hooks for auxiliary files (HO)
)
(/usr/share/texlive/texmf-dist/tex/latex/kvoptions/kvoptions.sty
Package: kvoptions 2020-10-07 v3.14 Key value format for package options (HO)
)
\@linkdim=\dimen156
\Hy@linkcounter=\count271
\Hy@pagecounter=\count272

(/usr/share/texlive/texmf-dist/tex/latex/hyperref/pd1enc.def
File: pd1enc.def 2020-05-15 v7.00e Hyperref: PDFDocEncoding definition (HO)
Now handling font encoding PD1 ...
... no UTF-8 mapping file for font encoding PD1
)
(/usr/share/texlive/texmf-dist/tex/generic/intcalc/intcalc.sty
Package: intcalc 2019/12/15 v1.3 Expandable calculations with integers (HO)
)
(/usr/share/texlive/texmf-dist/tex/generic/etexcmds/etexcmds.sty
Package: etexcmds 2019/12/15 v1.7 Avoid name clashes with e-TeX commands (HO)
)
\Hy@SavedSpaceFactor=\count273
Package hyperref Info: Hyper figures OFF on input line 4464.
Package hyperref Info: Link nesting OFF on input line 4469.
Package hyperref Info: Hyper index ON on input line 4472.
Package hyperref Info: Plain pages OFF on input line 4479.
Package hyperref Info: Backreferencing OFF on input line 4484.
Package hyperref Info: Implicit mode ON; LaTeX internals redefined.
Package hyperref Info: Bookmarks ON on input line 4717.
\c@Hy@tempcnt=\count274

(/usr/share/texlive/texmf-dist/tex/latex/url/url.sty
\Urlmuskip=\muskip17
Package: url 2013/09/16  ver 3.4  Verb mode for urls, etc.
)
LaTeX Info: Redefining \url on input line 5076.
\XeTeXLinkMargin=\dimen157

(/usr/share/texlive/texmf-dist/tex/generic/bitset/bitset.sty
Package: bitset 2019/12/09 v1.3 Handle bit-vector datatype (HO)

(/usr/share/texlive/texmf-dist/tex/generic/bigintcalc/bigintcalc.sty
Package: bigintcalc 2019/12/15 v1.5 Expandable calculations on big integers (HO
)
))
\Fld@menulength=\count275
\Field@Width=\dimen158
\Fld@charsize=\dimen159
Package hyperref Info: Hyper figures OFF on input line 6347.
Package hyperref Info: Link nesting OFF on input line 6352.
Package hyperref Info: Hyper index ON on input line 6355.
Package hyperref Info: backreferencing OFF on input line 6362.
Package hyperref Info: Link coloring OFF on input line 6367.
Package hyperref Info: Link coloring with OCG OFF on input line 6372.
Package hyperref Info: PDF/A mode OFF on input line 6377.
LaTeX Info: Redefining \ref on input line 6417.
LaTeX Info: Redefining \pageref on input line 6421.

(/usr/share/texlive/texmf-dist/tex/latex/base/atbegshi-ltx.sty
Package: atbegshi-ltx 2020/08/17 v1.0a Emulation of the original atbegshi packa
ge
with kernel methods
)
\Hy@abspage=\count276
\c@Item=\count277
\c@Hfootnote=\count278
)
Package hyperref Info: Driver (autodetected): hpdftex.

(/usr/share/texlive/texmf-dist/tex/latex/hyperref/hpdftex.def
File: hpdftex.def 2020-05-15 v7.00e Hyperref driver for pdfTeX

(/usr/share/texlive/texmf-dist/tex/latex/base/atveryend-ltx.sty
Package: atveryend-ltx 2020/08/19 v1.0a Emulation of the original atvery packag
e
with kernel methods
)
\Fld@listcount=\count279
\c@bookmark@seq@number=\count280

(/usr/share/texlive/texmf-dist/tex/latex/rerunfilecheck/rerunfilecheck.sty
Package: rerunfilecheck 2019/12/05 v1.9 Rerun checks for auxiliary files (HO)

(/usr/share/texlive/texmf-dist/tex/generic/uniquecounter/uniquecounter.sty
Package: uniquecounter 2019/12/15 v1.4 Provide unlimited unique counter (HO)
)
Package uniquecounter Info: New unique counter `rerunfilecheck' on input line 2
86.
)
\Hy@SectionHShift=\skip59
)
(/usr/share/texlive/texmf-dist/tex/latex/l3backend/l3backend-pdftex.def
File: l3backend-pdftex.def 2020-01-29 L3 backend support: PDF output (pdfTeX)
\l__color_backend_stack_int=\count281
\l__pdf_internal_box=\box58
)
(.//README.aux)
\openout1 = `README.aux'.

LaTeX Font Info:    Checking defaults for OML/cmm/m/it on input line 28.
LaTeX Font Info:    ... okay on input line 28.
LaTeX Font Info:    Checking defaults for OMS/cmsy/m/n on input line 28.
LaTeX Font Info:    ... okay on input line 28.
LaTeX Font Info:    Checking defaults for OT1/cmr/m/n on input line 28.
LaTeX Font Info:    ... okay on input line 28.
LaTeX Font Info:    Checking defaults for T1/cmr/m/n on input line 28.
LaTeX Font Info:    ... okay on input line 28.
LaTeX Font Info:    Checking defaults for TS1/cmr/m/n on input line 28.
LaTeX Font Info:    ... okay on input line 28.
LaTeX Font Info:    Checking defaults for OMX/cmex/m/n on input line 28.
LaTeX Font Info:    ... okay on input line 28.
LaTeX Font Info:    Checking defaults for U/cmr/m/n on input line 28.
LaTeX Font Info:    ... okay on input line 28.
LaTeX Font Info:    Checking defaults for PD1/pdf/m/n on input line 28.
LaTeX Font Info:    ... okay on input line 28.

(/usr/share/texlive/texmf-dist/tex/context/base/mkii/supp-pdf.mkii
[Loading MPS to PDF converter (version 2006.09.02).]
\scratchcounter=\count282
\scratchdimen=\dimen160
\scratchbox=\box59
\nofMPsegments=\count283
\nofMParguments=\count284
\everyMPshowfont=\toks27
\MPscratchCnt=\count285
\MPscratchDim=\dimen161
\MPnumerator=\count286
\makeMPintoPDFobject=\count287
\everyMPtoPDFconversion=\toks28
) (/usr/share/texlive/texmf-dist/tex/latex/epstopdf-pkg/epstopdf-base.sty
Package: epstopdf-base 2020-01-24 v2.11 Base part for package epstopdf
Package epstopdf-base Info: Redefining graphics rule for `.eps' on input line 4
85.

(/usr/share/texlive/texmf-dist/tex/latex/latexconfig/epstopdf-sys.cfg
File: epstopdf-sys.cfg 2010/07/13 v1.3 Configuration of (r)epstopdf for TeX Liv
e
))
Package hyperref Info: Link coloring OFF on input line 28.

(/usr/share/texlive/texmf-dist/tex/latex/hyperref/nameref.sty
Package: nameref 2019/09/16 v2.46 Cross-referencing by name of section

(/usr/share/texlive/texmf-dist/tex/latex/refcount/refcount.sty
Package: refcount 2019/12/15 v3.6 Data extraction from label references (HO)
)
(/usr/share/texlive/texmf-dist/tex/generic/gettitlestring/gettitlestring.sty
Package: gettitlestring 2019/12/15 v1.6 Cleanup title references (HO)
)
\c@section@level=\count288
)
LaTeX Info: Redefining \ref on input line 28.
LaTeX Info: Redefining \pageref on input line 28.
LaTeX Info: Redefining \nameref on input line 28.

(.//README.out) (.//README.out)
\@outlinefile=\write3
\openout3 = `README.out'.

LaTeX Font Info:    Trying to load font information for U+msa on input line 31.


(/usr/share/texlive/texmf-dist/tex/latex/amsfonts/umsa.fd
File: umsa.fd 2013/01/14 v3.01 AMS symbols A
)
LaTeX Font Info:    Trying to load font information for U+msb on input line 31.


(/usr/share/texlive/texmf-dist/tex/latex/amsfonts/umsb.fd
File: umsb.fd 2013/01/14 v3.01 AMS symbols B
) (.//README.toc)
\tf@toc=\write4
\openout4 = `README.toc'.

<./img/automation.png, id=28, 364.9635pt x 368.577pt>
File: ./img/automation.png Graphic file (type png)
<use ./img/automation.png>
Package pdftex.def Info: ./img/automation.png  used on input line 56.
(pdftex.def)             Requested size: 323.9978pt x 327.22263pt.

Overfull \hbox (1.45103pt too wide) in paragraph at lines 64--72
[]\T1/cmr/m/n/10.95 "Understanding un-der-ly-ing tech-nolo-gies helps you de-ve
lop a sense
 []

[1

{/var/lib/texmf/fonts/map/pdftex/updmap/pdftex.map}] [2 <.//./img/automation.pn
g>]
Overfull \hbox (73.33946pt too wide) in paragraph at lines 87--94
 [] 
 []

<./img/workflow.png, id=50, 225.84375pt x 83.41162pt>
File: ./img/workflow.png Graphic file (type png)
<use ./img/workflow.png>
Package pdftex.def Info: ./img/workflow.png  used on input line 98.
(pdftex.def)             Requested size: 323.9978pt x 119.67862pt.
[3 <.//./img/workflow.png>]
LaTeX Font Info:    Trying to load font information for T1+cmtt on input line 1
18.

(/usr/share/texlive/texmf-dist/tex/latex/base/t1cmtt.fd
File: t1cmtt.fd 2019/12/16 v2.5j Standard LaTeX font definitions
)
<./img/github1.png, id=67, 504.88625pt x 374.39874pt>
File: ./img/github1.png Graphic file (type png)
<use ./img/github1.png>
Package pdftex.def Info: ./img/github1.png  used on input line 146.
(pdftex.def)             Requested size: 323.9978pt x 240.25993pt.
 [4]
<./img/org.png, id=75, 190.311pt x 258.9675pt>
File: ./img/org.png Graphic file (type png)
<use ./img/org.png>
Package pdftex.def Info: ./img/org.png  used on input line 155.
(pdftex.def)             Requested size: 323.9978pt x 440.95015pt.
 [5 <.//./img/github1.png>] [6 <.//./img/org.png>]
<./img/issue.png, id=93, 213.79875pt x 94.85437pt>
File: ./img/issue.png Graphic file (type png)
<use ./img/issue.png>
Package pdftex.def Info: ./img/issue.png  used on input line 190.
(pdftex.def)             Requested size: 323.9978pt x 143.75604pt.
 [7 <.//./img/issue.png>]
Overfull \hbox (39.51869pt too wide) in paragraph at lines 206--209
[]\T1/cmr/m/n/10.95 You can []watch[] the []\T1/cmtt/m/n/10.95 cc100[] \T1/cmr/
m/n/10.95 repos-i-tory - and set []\T1/cmtt/m/n/10.95 Notifications[] \T1/cmr/m
/n/10.95 to \T1/cmtt/m/n/10.95 Participating
 []

<./img/watch.png, id=108, 121.05225pt x 131.59163pt>
File: ./img/watch.png Graphic file (type png)
<use ./img/watch.png>
Package pdftex.def Info: ./img/watch.png  used on input line 212.
(pdftex.def)             Requested size: 323.9978pt x 352.26616pt.
[8 <.//./img/watch.png>]
<./img/gh.png, id=123, 1146.38287pt x 679.63913pt>
File: ./img/gh.png Graphic file (type png)
<use ./img/gh.png>
Package pdftex.def Info: ./img/gh.png  used on input line 233.
(pdftex.def)             Requested size: 323.9978pt x 192.08138pt.
<./img/fsf.png, id=127, 401.5pt x 262.9825pt>
File: ./img/fsf.png Graphic file (type png)
<use ./img/fsf.png>
Package pdftex.def Info: ./img/fsf.png  used on input line 248.
(pdftex.def)             Requested size: 299.36041pt x 196.09273pt.
 [9 <.//./img/gh.png>]
<./img/systemproperties.png, id=136, 329.43076pt x 346.29375pt>
File: ./img/systemproperties.png Graphic file (type png)
<use ./img/systemproperties.png>
Package pdftex.def Info: ./img/systemproperties.png  used on input line 264.
(pdftex.def)             Requested size: 277.67953pt x 291.90985pt.
 [10 <.//./img/fsf.png>]
<./img/path.png, id=143, 423.38174pt x 467.346pt>
File: ./img/path.png Graphic file (type png)
<use ./img/path.png>
Package pdftex.def Info: ./img/path.png  used on input line 271.
(pdftex.def)             Requested size: 277.67953pt x 306.51677pt.
 [11 <.//./img/systemproperties.png>]
<./img/environmentvariable.png, id=149, 360.1455pt x 396.2805pt>
File: ./img/environmentvariable.png Graphic file (type png)
<use ./img/environmentvariable.png>
Package pdftex.def Info: ./img/environmentvariable.png  used on input line 280.

(pdftex.def)             Requested size: 299.36041pt x 329.40855pt.
 [12 <.//./img/path.png>]
<./img/gcc.png, id=155, 429.40425pt x 163.812pt>
File: ./img/gcc.png Graphic file (type png)
<use ./img/gcc.png>
Package pdftex.def Info: ./img/gcc.png  used on input line 289.
(pdftex.def)             Requested size: 277.67953pt x 105.93661pt.
 [13 <.//./img/environmentvariable.png> <.//./img/gcc.png>]
Overfull \hbox (12.82095pt too wide) in paragraph at lines 303--305
[]\T1/cmr/m/n/10.95 If no com-piler is found, down-load it by en-ter-ing \T1/cm
tt/m/n/10.95 xcode-select --install 
 []

<./img/cc.png, id=166, 588.1975pt x 133.49875pt>
File: ./img/cc.png Graphic file (type png)
<use ./img/cc.png>
Package pdftex.def Info: ./img/cc.png  used on input line 308.
(pdftex.def)             Requested size: 299.36041pt x 67.94289pt.
<./img/replit.png, id=169, 285.16537pt x 134.60287pt>
File: ./img/replit.png Graphic file (type png)
<use ./img/replit.png>
Package pdftex.def Info: ./img/replit.png  used on input line 334.
(pdftex.def)             Requested size: 323.9978pt x 152.9354pt.
[14 <.//./img/cc.png>]
Overfull \hbox (82.20917pt too wide) in paragraph at lines 341--349
 [] 
 []

! Argument of \@xverbatim has an extra }.
<inserted text> 
                \par 
l.362 \end{verbatim}}
                     \footnotetext[5]{\label{org067d6c9}Emacs Lisp is a Lisp...
I've run across a `}' that doesn't seem to match anything.
For example, `\def\a#1{...}' and `\a}' would produce
this error. If you simply proceed now, the `\par' that
I've just inserted will cause me to report a runaway
argument that might be the root of the problem. But if
your `}' was spurious, just type `2' and it will go away.

Runaway argument?
 ;; re-indenting of whole buffer according to mode (defun iwb () "ind\ETC.
! Paragraph ended before \@xverbatim was complete.
<to be read again> 
                   \par 
l.362 \end{verbatim}}
                     \footnotetext[5]{\label{org067d6c9}Emacs Lisp is a Lisp...
I suspect you've forgotten a `}', causing me to apply this
control sequence to too much text. How can we recover?
My plan is to forget the whole thing and hope for the best.

! Extra }, or forgotten \endgroup.
<recently read> }
                 
l.362 \end{verbatim}}
                     \footnotetext[5]{\label{org067d6c9}Emacs Lisp is a Lisp...
I've deleted a group-closing symbol because it seems to be
spurious, as in `$x}$'. But perhaps the } is legitimate and
you forgot something else, as in `\hbox{$x}'. In such cases
the way to recover is to insert both the forgotten and the
deleted material, e.g., by typing `I$}'.


Overfull \hbox (65.14618pt too wide) in paragraph at lines 362--362
[]\T1/cmtt/m/n/9 \footnotetext[5]{\label{org067d6c9}Emacs Lisp is a Lisp dialec
t. Lisp was one of the first[] 
 []


Overfull \hbox (202.13773pt too wide) in paragraph at lines 363--363
[]\T1/cmtt/m/n/9 languages used for Artificial Intelligence research (cp. \href
{https://hci.stanford.edu/\~winograd/shrdlu/}{SHRDLU}, an[] 
 []


Overfull \hbox (301.3385pt too wide) in paragraph at lines 364--364
[]\T1/cmtt/m/n/9 early natural language processing system).}\footnotetext[6]{\l
abel{org8eb36f3}Written in 1976 by Richard Stallman, who then tinkered with it[
] 
 []


Overfull \hbox (424.15851pt too wide) in paragraph at lines 375--375
[]\T1/cmtt/m/n/9 borders." Source: \href{https://en.wikipedia.org/wiki/Emacs\#/
media/File:Emacs27\_showing\_Org,\_Magit,\_and\_Dired\_with\_the\_modus-operand
i\_theme.png}{Wikipedia}/[] 
 []


Overfull \hbox (46.2508pt too wide) in paragraph at lines 379--379
[]\T1/cmtt/m/n/9 Challenge: which Emacs properties can you deduce from this ima
ge alone?\footnotemark\\[] 
 []


Overfull \hbox (150.17542pt too wide) in paragraph at lines 381--381
[]\T1/cmtt/m/n/9 \end{center}\footnotetext[7]{\label{org352b3ae}(1) Emacs has v
ersions (at the time the screenshot was taken:[] 
 []


Overfull \hbox (334.40543pt too wide) in paragraph at lines 391--391
[]\T1/cmtt/m/n/9 See \href{https://github.com/birkenkrahe/org/blob/master/FAQ.m
d\#which-editor-and-ide-do-you-use}{FAQ}. I use Emacs for most of my computing 
needs:[] 
 []


Overfull \hbox (258.82388pt too wide) in paragraph at lines 399--399
[]\T1/cmtt/m/n/9 See also the article "\href{https://opensource.com/article/20/
3/getting-started-emacs}{Getting started with Emacs"} (Kenlon, 2020),[] 
 []


Overfull \hbox (112.38464pt too wide) in paragraph at lines 400--400
[]\T1/cmtt/m/n/9 and the video "\href{https://youtu.be/48JlgiBpw\_I}{The Absolu
te Beginner's Guide to Emacs}" (System[] 
 []


Overfull \hbox (164.34695pt too wide) in paragraph at lines 401--401
[]\T1/cmtt/m/n/9 Crafters, 2020) with \href{https://github.com/birkenkrahe/org/
blob/master/emacs/emacs\_beginner.org}{my notes}.[] 
 []


Overfull \hbox (17.90771pt too wide) in paragraph at lines 410--410
[]\T1/cmtt/m/n/9 \item As \href{https://youtu.be/Wcjmx\_U5alY}{window manager} 
(only under Linux)[] 
 []


Overfull \hbox (17.90771pt too wide) in paragraph at lines 412--412
[]\T1/cmtt/m/n/9 \item Remote access (with \href{https://www.gnu.org/software/t
ramp/}{GNU Tramp})[] 
 []


Overfull \hbox (173.79465pt too wide) in paragraph at lines 434--434
[]\T1/cmtt/m/n/9 In the Beginning was the Command Line (1998)\footnote{Neal Ste
phenson is a sci-fi author who also coined the term[] 
 []


Overfull \hbox (150.17542pt too wide) in paragraph at lines 440--440
[]\T1/cmtt/m/n/9 there is a \href{https://www.emacswiki.org/emacs/ChurchOfEmacs
}{"Church of Emacs"} (EmacsWiki)! Huh?! What?![] 
 []


Overfull \hbox (126.55618pt too wide) in paragraph at lines 453--453
[]\T1/cmtt/m/n/9 source code editors and IDEs. Currently \href{https://code.vis
ualstudio.com/}{Microsoft's Visual Studio[] 
 []


Overfull \hbox (343.85312pt too wide) in paragraph at lines 464--464
[]\T1/cmtt/m/n/9 tops and that is mostly the code highlighting." (\href{https:/
/hadi.timachi.com/2019/12/07/Why\_I\_switched\_from\_VScode\_to\_Emacs}{Timachi
, 2019})[] 
 []


Overfull \hbox (187.96619pt too wide) in paragraph at lines 473--473
[]\T1/cmtt/m/n/9 the keyboard." (\href{https://hadi.timachi.com/2019/12/07/Why\
_I\_switched\_from\_VScode\_to\_Emacs}{Timachi, 2019})[] 
 []


Overfull \hbox (117.10849pt too wide) in paragraph at lines 496--496
[]\T1/cmtt/m/n/9 improving your \textbf{meta skills}\footnote{"Meta skills" are
 transferable skills that you learn, or[] 
 []


Overfull \hbox (79.31772pt too wide) in paragraph at lines 508--508
[]\T1/cmtt/m/n/9 \emph{Image: GNU Emacs logo. Source: \href{https://www.gnu.org
/software/emacs/}{GNU Project}}[] 
 []


Overfull \hbox (216.30927pt too wide) in paragraph at lines 513--513
[]\T1/cmtt/m/n/9 \item Download GNU Emacs + ESS as a modified version for \href
{https://vigou3.gitlab.io/emacs-modified-windows/}{Windows}.[] 
 []


Overfull \hbox (22.63156pt too wide) in paragraph at lines 515--515
[]\T1/cmtt/m/n/9 \item Check out the \href{https://www.gnu.org/software/emacs/t
our/}{guided tour}.[] 
 []


Overfull \hbox (36.8031pt too wide) in paragraph at lines 516--516
[]\T1/cmtt/m/n/9 \item Open Emacs, type \texttt{CTRL-h t} (\texttt{C-h t}) and 
complete the tutorial.[] 
 []


Overfull \hbox (197.41388pt too wide) in paragraph at lines 529--529
[]\T1/cmtt/m/n/9 \item Download GNU Emacs + ESS as a modified version for \href
{https://vigou3.gitlab.io/emacs-modified-macos/}{MacOS}.[] 
 []


Overfull \hbox (22.63156pt too wide) in paragraph at lines 531--531
[]\T1/cmtt/m/n/9 \item Check out the \href{https://www.gnu.org/software/emacs/t
our/}{guided tour}.[] 
 []


Overfull \hbox (36.8031pt too wide) in paragraph at lines 532--532
[]\T1/cmtt/m/n/9 \item Open Emacs, type \texttt{CTRL-h t} (\texttt{C-h t}) and 
complete the tutorial.[] 
 []


Overfull \hbox (301.3385pt too wide) in paragraph at lines 549--549
[]\T1/cmtt/m/n/9 This will give you the power of \href{https://jupyter.org/}{Ju
pyter notebooks} or \href{https://colab.research.google.com/}{Colaboratory} on[
] 
 []


Overfull \hbox (183.24234pt too wide) in paragraph at lines 555--555
[]\T1/cmtt/m/n/9 a set of \href{https://orgmode.org/worg/org-tutorials/}{Org-mo
de tutorials} (with videos) covering many interesting[] 
 []


Overfull \hbox (150.17542pt too wide) in paragraph at lines 563--563
[]\T1/cmtt/m/n/9 \item \href{https://youtu.be/48JlgiBpw\_I}{The Absolute Beginn
er's Guide to Emacs} (System Crafters, 2021) -[] 
 []


Overfull \hbox (282.44312pt too wide) in paragraph at lines 564--564
[]\T1/cmtt/m/n/9 1hr11min long - time well invested (\href{https://github.com/b
irkenkrahe/org/blob/master/emacs/emacs\_beginner.org}{I made some notes}).[] 
 []


Overfull \hbox (367.47235pt too wide) in paragraph at lines 571--571
[]\T1/cmtt/m/n/9 \href{https://orgmode.org/}{Org-mode} and \href{https://orgmod
e.org/worg/org-contrib/babel/intro.html}{Babel} packages. Both are already inst
alled in your[] 
 []


Overfull \hbox (287.16696pt too wide) in paragraph at lines 578--578
[]\T1/cmtt/m/n/9 system\footnote{On my Windows machine, \texttt{\$HOME} is \tex
ttt{C:\textbackslash{}Users\textbackslash{}birkenkrahe\textbackslash{}}. On[] 
 []


Overfull \hbox (320.23389pt too wide) in paragraph at lines 581--581
[]\T1/cmtt/m/n/9 Download the configuration file \href{https://github.com/birke
nkrahe/cc100/blob/main/2\_installation/.emacs}{from GitHub}. Here is the code: 
you[] 
 []


Overfull \hbox (409.98697pt too wide) in paragraph at lines 636--636
[]\T1/cmtt/m/n/9 you'll become quite an expert, \href{https://hackernoon.com/8-
reasons-why-emacs-is-the-best-text-editor-for-programming-0w4o37ld}{almost a "h
acker"} (Wulff, 2021).[] 
 []


Overfull \hbox (268.27158pt too wide) in paragraph at lines 645--645
[]\T1/cmtt/m/n/9 Check out \url{./babel\_c.org} for examples with C code blocks
\footnote{This link also shows you how to link notebooks. You can set a[] 
 []


Overfull \hbox (3.73618pt too wide) in paragraph at lines 646--646
[]\T1/cmtt/m/n/9 link anywhere (inside Emacs or Internet) with \texttt{C-c C-l}
. If the target[] 
 []


Overfull \hbox (27.35541pt too wide) in paragraph at lines 649--649
[]\T1/cmtt/m/n/9 in this case, the link is \texttt{\textasciitilde{}/.babel.org
}, and the anchor is[] 
 []


Overfull \hbox (55.69849pt too wide) in paragraph at lines 659--659
[]\T1/cmtt/m/n/9 If you change your \texttt{\textasciitilde{}/.emacs} file, you
 need to evaluate the file[] 
 []


Overfull \hbox (206.86157pt too wide) in paragraph at lines 664--664
[]\T1/cmtt/m/n/9 with other languages. Here is a \href{https://www.gnu.org/soft
ware/emacs/manual/html\_node/eintr/}{complete tutorial for[] 
 []


Overfull \hbox (249.37619pt too wide) in paragraph at lines 686--686
[]\T1/cmtt/m/n/9 If you want to get into this for whatever reason, \href{https:
//zzamboni.org/post/beautifying-org-mode-in-emacs/}{check this out}[] 
 []


Overfull \hbox (3.73618pt too wide) in paragraph at lines 704--704
[]\T1/cmtt/m/n/9 \item search and find it (forward search with \texttt{C-s} or 
backward search[] 
 []


Overfull \hbox (145.45157pt too wide) in paragraph at lines 714--714
[]\T1/cmtt/m/n/9 notebooks. I use \texttt{org-slide-tree-mode} for that (\href{
https://github.com/takaxp/org-tree-slide}{see[] 
 []


Overfull \hbox (126.55618pt too wide) in paragraph at lines 729--729
[]  \T1/cmtt/m/n/9 (define-key org-tree-slide-mode-map (kbd "<f8>") 'org-tree-s
lide-move-previous-tree) ;; move forwards[] 
 []


Overfull \hbox (126.55618pt too wide) in paragraph at lines 730--730
[]  \T1/cmtt/m/n/9 (define-key org-tree-slide-mode-map (kbd "S-<f8>") 'org-tree
-slide-move-next-tree)  ;; move backwards[] 
 []


Overfull \hbox (17.90771pt too wide) in paragraph at lines 738--738
[]\T1/cmtt/m/n/9 In the code, \texttt{<f9>} is used to switch the mode on or of
f (\texttt{SHIFT +[] 
 []


Overfull \hbox (32.07925pt too wide) in paragraph at lines 739--739
[]   \T1/cmtt/m/n/9 <f9>}), and \texttt{<f8>} to move one slide forward or back
ward (\texttt{SHIFT +[] 
 []


Overfull \hbox (84.04156pt too wide) in paragraph at lines 755--755
[]\T1/cmtt/m/n/9 your \texttt{\textasciitilde{}/.emacs} file, you can use \text
tt{M-x unfill-region} to achieve[] 
 []


Overfull \hbox (17.90771pt too wide) in paragraph at lines 785--785
[]\T1/cmtt/m/n/9 figure \ref{fig:org94ae3e7} below. To show/hide images, use \t
exttt{C-c C-x C-v}[] 
 []


Overfull \hbox (8.46002pt too wide) in paragraph at lines 786--786
[]\T1/cmtt/m/n/9 (\texttt{org-toggle-inline-images}). The \texttt{\#+ATTR\_HTML
:} line sets the[] 
 []


Overfull \hbox (3.73618pt too wide) in paragraph at lines 805--805
[]\T1/cmtt/m/n/9 Emacs, you can open links with \texttt{C-c C-o} (\texttt{org-o
pen-at-point}).[] 
 []


Overfull \hbox (22.63156pt too wide) in paragraph at lines 807--807
[]\T1/cmtt/m/n/9 \url{https://github.com/birkenkrahe/cc100/raw/main/2\_installa
tion/img/trend.png}[] 
 []


Overfull \hbox (221.03311pt too wide) in paragraph at lines 815--815
[]\T1/cmtt/m/n/9 suggest working through this short \href{https://orgmode.org/w
org/org-tutorials/tables.html}{tutorial}. For using tables as[] 
 []


Overfull \hbox (169.0708pt too wide) in paragraph at lines 816--816
[]\T1/cmtt/m/n/9 spreadsheets, see this short \href{https://orgmode.org/worg/or
g-tutorials/org-spreadsheet-intro.html}{tutorial}.[] 
 []


Overfull \hbox (3.73618pt too wide) in paragraph at lines 822--822
[]\T1/cmtt/m/n/9 \texttt{C-c C-e} (\texttt{org-export-dispatch}). This command 
requires you to[] 
 []


Overfull \hbox (121.83234pt too wide) in paragraph at lines 833--833
[]\T1/cmtt/m/n/9 Apache \href{https://www.openoffice.org/}{OpenOffice} files (X
ML formatted) that can also be opened in[] 
 []


Overfull \hbox (27.35541pt too wide) in paragraph at lines 834--834
[]\T1/cmtt/m/n/9 Google Docs\footnote{However, on my Windows 10 PC, WORD refuse
s to open OpenOffice[] 
 []


Overfull \hbox (8.46002pt too wide) in paragraph at lines 838--838
[]\T1/cmtt/m/n/9 What always works is HTML (\texttt{.html}) export, and Markdow
n (\texttt{.md})[] 
 []


Overfull \hbox (60.42233pt too wide) in paragraph at lines 915--915
[]\T1/cmtt/m/n/9 \href{https://stackoverflow.blog/2020/11/09/modern-ide-vs-vim-
emacs/}{stackoverflow.org}.[] 
 []


Overfull \hbox (150.17542pt too wide) in paragraph at lines 916--916
[]\T1/cmtt/m/n/9 \item DistroTube (October 4, 2019). Switching to GNU Emacs [vi
deo]. \href{https://youtu.be/Y8koAgkBEnM}{URL:[] 
 []


Overfull \hbox (136.00388pt too wide) in paragraph at lines 919--919
[]\T1/cmtt/m/n/9 Rocks! [blog]. \href{https://hostingtribunal.com/blog/linux-st
atistics/\#gref}{URL: hostingtribunal.com}.[] 
 []


Overfull \hbox (41.52695pt too wide) in paragraph at lines 920--920
[]\T1/cmtt/m/n/9 \item GCC, the GNU Compiler Collection. \href{https://gcc.gnu.
org}{URL: gcc.gnu.org.}[] 
 []


Overfull \hbox (84.04156pt too wide) in paragraph at lines 921--921
[]\T1/cmtt/m/n/9 \item GitHub (Dec 19, 2016). What is GitHub? [video]. \href{ht
tps://youtu.be/w3jLJU7DT5E}{URL:[] 
 []


Overfull \hbox (277.71927pt too wide) in paragraph at lines 925--925
[]\T1/cmtt/m/n/9 \item Kenlon (March 10, 2020). Getting started with Emacs [blo
g]. \href{https://opensource.com/article/20/3/getting-started-emacs}{URL:[] 
 []


Overfull \hbox (55.69849pt too wide) in paragraph at lines 928--928
[]\T1/cmtt/m/n/9 environment for GCC \& LLVM for 32 and 64 bit Windows. \href{h
ttps://mingw-w64.org}{URL:[] 
 []


Overfull \hbox (84.04156pt too wide) in paragraph at lines 933--933
[]\T1/cmtt/m/n/9 Emacs [video]. \href{https://youtu.be/48JlgiBpw\_I}{URL: youtu
.be/48JlgiBpw\textsubscript{I}}.[] 
 []


Overfull \hbox (112.38464pt too wide) in paragraph at lines 935--935
[]\T1/cmtt/m/n/9 outlast text editor trends. Emacs conference 2021 [video]. \hr
ef{https://youtu.be/9ahR5K\_wkNQ}{URL:[] 
 []


Overfull \hbox (329.68158pt too wide) in paragraph at lines 938--938
[]\T1/cmtt/m/n/9 switched from VScode to Emacs [blog]. \href{https://hadi.timac
hi.com/2019/12/07/Why\_I\_switched\_from\_VScode\_to\_Emacs}{URL: hadi.timachi.
com}.[] 
 []


Overfull \hbox (320.23389pt too wide) in paragraph at lines 940--940
[]\T1/cmtt/m/n/9 for Programming [blog]. \href{https://hackernoon.com/8-reasons
-why-emacs-is-the-best-text-editor-for-programming-0w4o37ld}{URL: hackernoon.co
m}.[] 
 []


Overfull \hbox (69.87003pt too wide) in paragraph at lines 944--944
[]\T1/cmtt/m/n/9 [blog]. \href{https://zzamboni.org/post/beautifying-org-mode-i
n-emacs/}{URL: zzamboni.org}.[] 
 []

)
! Emergency stop.
<*> README.tex
              
*** (job aborted, no legal \end found)

 
Here is how much of TeX's memory you used:
 7079 strings out of 479304
 103342 string characters out of 5869780
 467820 words of memory out of 5000000
 24062 multiletter control sequences out of 15000+600000
 421274 words of font info for 75 fonts, out of 8000000 for 9000
 1141 hyphenation exceptions out of 8191
 71i,11n,74p,541b,514s stack positions out of 5000i,500n,10000p,200000b,80000s
!  ==> Fatal error occurred, no output PDF file produced!
